[02:10:57] [main/INFO]: Loading Minecraft 1.21.1 with Fabric Loader 0.16.14
[02:11:01] [main/INFO]: Loading 64 mods:
	- another_furniture 4.0.0
	- collective 8.3
	- fabric-api 0.101.2+1.21.1
	   |-- fabric-api-base 0.4.42+6573ed8c6a
	   |-- fabric-api-lookup-api-v1 1.6.68+b55973446a
	   |-- fabric-biome-api-v1 13.0.29+5bd9f1bc6a
	   |-- fabric-block-api-v1 1.0.22+0af3f5a76a
	   |-- fabric-block-view-api-v2 1.0.10+6573ed8c6a
	   |-- fabric-blockrenderlayer-v1 1.1.52+0af3f5a76a
	   |-- fabric-client-tags-api-v1 1.1.15+6573ed8c6a
	   |-- fabric-command-api-v1 1.2.49+f71b366f6a
	   |-- fabric-command-api-v2 2.2.28+6ced4dd96a
	   |-- fabric-commands-v0 0.2.66+df3654b36a
	   |-- fabric-content-registries-v0 8.0.16+b55973446a
	   |-- fabric-convention-tags-v1 2.0.19+7f945d5b6a
	   |-- fabric-convention-tags-v2 2.5.0+c5e2b5c66a
	   |-- fabric-crash-report-info-v1 0.2.29+0af3f5a76a
	   |-- fabric-data-attachment-api-v1 1.1.26+1daea2156a
	   |-- fabric-data-generation-api-v1 20.2.16+16c4ae256a
	   |-- fabric-dimensions-v1 4.0.0+6fc22b996a
	   |-- fabric-entity-events-v1 1.6.12+6fc22b996a
	   |-- fabric-events-interaction-v0 0.7.12+ba9dae066a
	   |-- fabric-game-rule-api-v1 1.0.53+6ced4dd96a
	   |-- fabric-item-api-v1 11.0.0+afdfc9216a
	   |-- fabric-item-group-api-v1 4.1.4+780172706a
	   |-- fabric-key-binding-api-v1 1.0.47+0af3f5a76a
	   |-- fabric-keybindings-v0 0.2.45+df3654b36a
	   |-- fabric-lifecycle-events-v1 2.3.12+6c1df3606a
	   |-- fabric-loot-api-v2 3.0.14+3f89f5a56a
	   |-- fabric-loot-api-v3 1.0.2+3f89f5a56a
	   |-- fabric-message-api-v1 6.0.13+6573ed8c6a
	   |-- fabric-model-loading-api-v1 2.0.0+fe474d6b6a
	   |-- fabric-networking-api-v1 4.2.2+60c3209b6a
	   |-- fabric-object-builder-api-v1 15.1.14+1daea2156a
	   |-- fabric-particles-v1 4.0.2+6573ed8c6a
	   |-- fabric-recipe-api-v1 5.0.12+650897126a
	   |-- fabric-registry-sync-v0 5.1.2+60c3209b6a
	   |-- fabric-renderer-api-v1 3.4.0+c705a49c6a
	   |-- fabric-renderer-indigo 1.7.0+c705a49c6a
	   |-- fabric-renderer-registries-v1 3.2.68+df3654b36a
	   |-- fabric-rendering-data-attachment-v1 0.3.48+73761d2e6a
	   |-- fabric-rendering-fluids-v1 3.1.6+1daea2156a
	   |-- fabric-rendering-v0 1.1.71+df3654b36a
	   |-- fabric-rendering-v1 5.0.5+df16efd06a
	   |-- fabric-resource-conditions-api-v1 4.3.0+8dc279b16a
	   |-- fabric-resource-loader-v0 1.3.0+565991296a
	   |-- fabric-screen-api-v1 2.0.24+b55973446a
	   |-- fabric-screen-handler-api-v1 1.3.86+b55973446a
	   |-- fabric-sound-api-v1 1.0.23+6573ed8c6a
	   |-- fabric-transfer-api-v1 5.1.16+3dccd3436a
	   \-- fabric-transitive-access-wideners-v1 6.1.0+1daea2156a
	- fabric-language-kotlin 1.13.0+kotlin.2.1.0
	   |-- org_jetbrains_kotlin_kotlin-reflect 2.1.0
	   |-- org_jetbrains_kotlin_kotlin-stdlib 2.1.0
	   |-- org_jetbrains_kotlin_kotlin-stdlib-jdk7 2.1.0
	   |-- org_jetbrains_kotlin_kotlin-stdlib-jdk8 2.1.0
	   |-- org_jetbrains_kotlinx_atomicfu-jvm 0.26.1
	   |-- org_jetbrains_kotlinx_kotlinx-coroutines-core-jvm 1.9.0
	   |-- org_jetbrains_kotlinx_kotlinx-coroutines-jdk8 1.9.0
	   |-- org_jetbrains_kotlinx_kotlinx-datetime-jvm 0.6.1
	   |-- org_jetbrains_kotlinx_kotlinx-io-bytestring-jvm 0.6.0
	   |-- org_jetbrains_kotlinx_kotlinx-io-core-jvm 0.6.0
	   |-- org_jetbrains_kotlinx_kotlinx-serialization-cbor-jvm 1.7.3
	   |-- org_jetbrains_kotlinx_kotlinx-serialization-core-jvm 1.7.3
	   \-- org_jetbrains_kotlinx_kotlinx-serialization-json-jvm 1.7.3
	- fabricloader 0.16.14
	   \-- mixinextras 0.4.1
	- fallingtree 1.21.1.10
	- java 21
	- krypton 0.2.8
	   \-- com_velocitypowered_velocity-native 3.3.0-SNAPSHOT
	- minecraft 1.21.1
	- noexpensive 1.21.1-1.10.0
	- simplemod 1.21.1
	- trowel 1.4.0
	- xaeroworldmap 1.39.9
[02:11:01] [main/WARN]: Found 51 non-fabric mods:
	- FpsReducer2-neoforge-1.21-2.10.jar
	- moyai-1.21-2.1.7-neoforge.jar
	- curios-neoforge-9.5.1+1.21.1.jar
	- forgified-fabric-api-0.115.6+2.1.1+1.21.1.jar
	- artifacts-neoforge-13.0.6.jar
	- create-stuff-additions1.21.1_v2.1.0e.jar
	- resourcefullib-neoforge-1.21-3.0.12.jar
	- comforts-neoforge-9.0.4+1.21.1.jar
	- create-1.21.1-6.0.6.jar
	- cloth-config-15.0.140-neoforge.jar
	- architectury-13.0.8-neoforge.jar
	- goblintraders-neoforge-1.21.1-1.11.2.jar
	- map_atlases-1.21-6.3.4-neoforge.jar
	- supplementaries-1.21-3.3.4-neoforge.jar
	- smarterfarmers-1.21-2.2.2-neoforge.jar
	- geckolib-neoforge-1.21.1-4.7.6.jar
	- framework-neoforge-1.21.1-0.9.6.jar
	- wildberries-1.4.0 [neoforge-1.21.1].jar
	- betterfpsdist-1.21-6.0.jar
	- Paraglider-neoforge-21.1.3.jar
	- createaddition-1.4.2.jar
	- hauntedharvest-1.21-3.3.5-neoforge.jar
	- ConnectorExtras-1.12.1+1.21.1.jar
	- ferritecore-7.0.2-neoforge.jar
	- connector-2.0.0-beta.8+1.21.1-full.jar
	- jei-1.21.1-neoforge-19.21.2.313.jar
	- SereneSeasons-neoforge-1.21.1-10.1.0.3.jar
	- ok_zoomer-neo-10.0.0-beta.10.jar
	- cupboard-1.21-2.9.jar
	- appleskin-neoforge-mc1.21-3.0.7.jar
	- sophisticatedbackpacks-1.21.1-3.24.15.1264.jar
	- snowyspirit-1.21.1-3.0.16-neoforge.jar
	- PuzzlesLib-v21.1.36-1.21.1-NeoForge.jar
	- amendments-1.21-1.2.24-neoforge.jar
	- mysticaloaktree-1.21-1.13-neoforge.jar
	- tombstone-neoforge-1.21.1-9.4.2.jar
	- Jade-1.21.1-NeoForge-15.10.2.jar
	- suppsquared-1.21-1.2.8-neoforge.jar
	- Clumps-neoforge-1.21.1-19.0.0.1.jar
	- create-dragons-plus-1.6.1.jar
	- ImmediatelyFast-NeoForge-1.6.5+1.21.1.jar
	- moonlight-1.21-2.19.5-neoforge.jar
	- ToolBelt-1.21.1-2.2.6.jar
	- create-enchantment-industry-2.1.7.jar
	- UniversalEnchants-v21.1.5-1.21.1-NeoForge.jar
	- GlitchCore-neoforge-1.21.1-2.1.0.0.jar
	- ForgeConfigAPIPort-v21.1.3-1.21.1-NeoForge.jar
	- FramedBlocks-10.3.2.jar
	- dummmmmmy-1.21-2.0.8-neoforge.jar
	- modernfix-neoforge-5.24.1+mc1.21.1.jar
	- sophisticatedcore-1.21.1-1.3.52.1020.jar
[02:11:01] [main/INFO]: SpongePowered MIXIN Subsystem Version=0.8.7 Source=file:/workspaces/svxx/servidor_minecraft/libraries/net/fabricmc/sponge-mixin/0.15.5+mixin.0.8.7/sponge-mixin-0.15.5+mixin.0.8.7.jar Service=Knot/Fabric Env=SERVER
[02:11:01] [main/INFO]: Compatibility level set to JAVA_21
[02:11:02] [main/WARN]: Error loading class: net/minecraft/class_471 (java.lang.ClassNotFoundException: net/minecraft/class_471)
[02:11:02] [main/WARN]: @Mixin target net.minecraft.class_471 was not found noexpensive.mixins.json:AnvilScreenMixin from mod noexpensive
[02:11:03] [main/INFO]: Initializing MixinExtras via com.llamalad7.mixinextras.service.MixinExtrasServiceImpl(version=0.4.1).
[02:11:10] [main/INFO]: Loading Collective version 8.3.
[02:11:11] [main/INFO]: Compression will use libdeflate (Linux x86_64), encryption will use OpenSSL 3.0.x (Linux x86_64)
[02:11:11] [main/INFO]: [STDOUT]: Hello NoExpensive world!
[02:11:11] [main/INFO]: Hello Fabric world!
[02:11:11] [main/INFO]: Seizing the means of block placement!
[02:11:11] [main/INFO]: Krypton is now accelerating your Minecraft server's networking stack 🚀
[02:11:11] [main/INFO]: Loading Xaero's World Map - Stage 1/2 (Server)
[02:11:11] [main/INFO]: Environment: Environment[sessionHost=https://sessionserver.mojang.com, servicesHost=https://api.minecraftservices.com, name=PROD]
[02:11:14] [main/INFO]: Loaded 1524 recipes
[02:11:14] [main/INFO]: Loaded 1640 advancements
[02:11:15] [main/INFO]: Applied 0 biome modifications to 0 of 64 new biomes in 1.521 ms
[02:11:15] [Server thread/INFO]: Starting minecraft server version 1.21.1
[02:11:15] [Server thread/INFO]: Loading properties
[02:11:15] [Server thread/INFO]: Default game type: SURVIVAL
[02:11:15] [Server thread/INFO]: Generating keypair
[02:11:15] [Server thread/INFO]: Starting Minecraft server on *:25565
[02:11:15] [Server thread/INFO]: Using epoll channel type
[02:11:15] [Server thread/WARN]: **** SERVER IS RUNNING IN OFFLINE/INSECURE MODE!
[02:11:15] [Server thread/WARN]: The server will make no attempt to authenticate usernames. Beware.
[02:11:15] [Server thread/WARN]: While this makes the game possible to play without internet access, it also opens up the ability for hackers to connect with any username they choose.
[02:11:15] [Server thread/WARN]: To change this, set "online-mode" to "true" in the server.properties file.
[02:11:15] [Server thread/INFO]: Preparing level "world"
[02:11:19] [Server thread/INFO]: Preparing start region for dimension minecraft:overworld
[02:11:20] [Worker-Main-3/INFO]: Preparing spawn area: 0%
[02:11:20] [Worker-Main-3/INFO]: Preparing spawn area: 0%
[02:11:20] [Worker-Main-3/INFO]: Preparing spawn area: 65%
[02:11:21] [Server thread/INFO]: Time elapsed: 1168 ms
[02:11:21] [Server thread/INFO]: Done (5.262s)! For help, type "help"
[02:11:21] [Server thread/INFO]: Loading Xaero's World Map - Stage 2/2 (Server)
[02:11:47] [Server thread/INFO]: com.mojang.authlib.GameProfile@5540f191[id=03642c9c-d793-351e-b6a9-63ea057ca000,name=LennoxZ,properties={}] lost connection: Disconnected
[02:11:53] [Server thread/INFO]: com.mojang.authlib.GameProfile@58ece1ca[id=03642c9c-d793-351e-b6a9-63ea057ca000,name=LennoxZ,properties={}] lost connection: Disconnected
[02:12:57] [Server thread/INFO]: com.mojang.authlib.GameProfile@4ad94f54[id=03642c9c-d793-351e-b6a9-63ea057ca000,name=LennoxZ,properties={}] lost connection: Disconnected
[02:17:53] [Server thread/INFO]: com.mojang.authlib.GameProfile@1a3c8bb2[id=03642c9c-d793-351e-b6a9-63ea057ca000,name=LennoxZ,properties={}] lost connection: Disconnected
